2019-08-09 14:36:48,846|INFO|Starting ...
2019-08-09 14:36:49,507|INFO|Request: {
command: GET https://api.smartsheet.com/2.0/sheets/3020984954447748
}
2019-08-09 14:36:49,527|INFO|object 'Sheet' is missing property 'user_permissions'
2019-08-09 14:36:49,528|INFO|object 'Sheet' is missing property 'cell_image_upload_enabled'
2019-08-09 14:36:49,528|INFO|object 'Sheet' is missing property 'has_summary_fields'
2019-08-09 14:36:49,682|INFO|Request: {
command: GET https://api.smartsheet.com/2.0/sheets/7987758149986180
}
2019-08-09 14:36:49,684|INFO|object 'Sheet' is missing property 'user_permissions'
2019-08-09 14:36:49,684|INFO|object 'Sheet' is missing property 'cell_image_upload_enabled'
2019-08-09 14:36:49,685|INFO|object 'Sheet' is missing property 'has_summary_fields'
2019-08-09 14:36:50,050|INFO|Request: {
command: GET https://api.smartsheet.com/2.0/reports/7437186292311940
}
2019-08-09 14:36:50,051|INFO|object 'Report' is missing property 'is_summary_report'
2019-08-09 14:36:50,053|INFO|object 'Report' is missing property 'cell_image_upload_enabled'
2019-08-09 14:36:50,055|INFO|Deleting rows from 1 projects
2019-08-09 14:36:51,226|INFO|Request: {
command: GET https://api.smartsheet.com/2.0/sheets/8547284209166212
}
2019-08-09 14:36:57,076|INFO|object 'Sheet' is missing property 'user_permissions'
2019-08-09 14:36:57,080|INFO|object 'Sheet' is missing property 'cell_image_upload_enabled'
2019-08-09 14:36:57,081|INFO|object 'Sheet' is missing property 'has_summary_fields'
2019-08-09 14:36:57,088|INFO|Deleting rows from sheet Copy of Dev Debit-NE Project Plan 1
2019-08-09 14:36:57,088|INFO|no project type or project subtype specified
2019-08-09 14:36:57,089|INFO|beginning log
2019-08-09 14:36:57,615|INFO|Request: {
command: POST https://api.smartsheet.com/2.0/sheets/7987758149986180/rows
}
2019-08-09 14:36:57,616|INFO|finishing log
2019-08-09 14:36:57,794|INFO|Finished
