2019-08-09 16:08:22,377|INFO|Starting ...
2019-08-09 16:08:23,461|INFO|Request: {
command: GET https://api.smartsheet.com/2.0/sheets/3020984954447748
}
2019-08-09 16:08:23,480|INFO|object 'Sheet' is missing property 'user_permissions'
2019-08-09 16:08:23,481|INFO|object 'Sheet' is missing property 'cell_image_upload_enabled'
2019-08-09 16:08:23,482|INFO|object 'Sheet' is missing property 'has_summary_fields'
2019-08-09 16:08:23,721|INFO|Request: {
command: GET https://api.smartsheet.com/2.0/sheets/7987758149986180
}
2019-08-09 16:08:23,727|INFO|object 'Sheet' is missing property 'user_permissions'
2019-08-09 16:08:23,728|INFO|object 'Sheet' is missing property 'cell_image_upload_enabled'
2019-08-09 16:08:23,729|INFO|object 'Sheet' is missing property 'has_summary_fields'
2019-08-09 16:08:24,401|INFO|Request: {
command: GET https://api.smartsheet.com/2.0/reports/7437186292311940
}
2019-08-09 16:08:24,403|INFO|object 'Report' is missing property 'is_summary_report'
2019-08-09 16:08:24,405|INFO|object 'Report' is missing property 'cell_image_upload_enabled'
2019-08-09 16:08:24,407|INFO|Deleting rows from 1 projects
2019-08-09 16:08:26,487|INFO|Request: {
command: GET https://api.smartsheet.com/2.0/sheets/9004681046321028
}
2019-08-09 16:08:30,703|INFO|object 'Sheet' is missing property 'user_permissions'
2019-08-09 16:08:30,707|INFO|object 'Sheet' is missing property 'cell_image_upload_enabled'
2019-08-09 16:08:30,707|INFO|object 'Sheet' is missing property 'has_summary_fields'
2019-08-09 16:08:30,714|INFO|Deleting rows from sheet Copy of Dev Debit-NE Project Plan 12
2019-08-09 16:08:30,744|INFO|deleting rows now
2019-08-09 16:08:30,822|WARNING|Retrying (Retry(total=0, connect=None, read=None, redirect=None, status=None)) after connection broken by 'ProtocolError('Connection aborted.', BadStatusLine("''",))': /2.0/sheets/9004681046321028/rows?ids=5406678021105540%2C3154878207420292%2C6532577927948164%2C8784377741633412%2C6954790393014148%2C2732665742354308%2C3858565649196932%2C2169715788932996%2C4632621835151236%2C2380822021465988%2C1254922114623364%2C8010321555679108%2C1817872068044676%2C2099347044755332%2C269759696136068%2C8151059044034436%2C6462209183770500%2C4210409370085252%2C7306634113902468%2C8432534020745092%2C3365984439953284%2C7869584067323780%2C4491884346795908%2C4518272625862532%2C6770072439547780%2C3392372719019908%2C577622951913348%2C1703522858755972%2C6207122486126468%2C296147975202692%2C4799747602573188%2C2547947788887940%2C5362697555994500%2C3110897742309252%2C4659010114217860%2C8036709834745732%2C1844260347111300%2C6347859974481796%2C2688685277243268%2C8318184811456388%2C3251635230664580%2C7755234858035076%2C2125735323821956%2C8881134764877700%2C85041742669700%2C1773891602933636%2C6277491230304132%2C4307166393329540%2C8810766020700036%2C5855278765238148%2C8107078578923396%2C3040528998131588%2C8670028532344708%2C3884953928263556%2C2196104067999620%2C8951503509055364%2C6805256811636612%2C1175757277423492%2C2583132160976772%2C7086731788347268%2C3146082114398084%2C7649681741768580%2C6945994299991940%2C1316494765778820%2C753544812357508%2C4131244532885380%2C2160919695910788%2C2372025928443780%2C1246126021601156%2C5749725648971652%2C1809075975022468%2C2653500905154436%2C5468250672260996%2C8142262951012228%2C6453413090748292%2C3920138300352388%2C8423737927722884%2C7860787974301572%2C6734888067458948%2C1158165091379076%2C595215137957764%2C2847014951643012%2C6224714672170884%2C7632089555724164%2C4676602300262276%2C6928402113947524%2C3550702393419652%2C5239552253683588%2C3832177370130308%2C6646927137236868%2C3480333649241988%2C7983933276612484%2C665583882135428%2C7420983323191172%2C1791483788978052%2C6295083416348548%2C384108905424772%2C6013608439637892%2C6576558393059204%2C2495171230754692%2C6998770858125188%2C8124670764967812%2C3058121184176004%2C7561720811546500%2C1932221277333380%2C8687620718389124%2C2776646207465348%2C3902546114307972%2C2213696254044036%2C4571049183995780%2C1193349463467908%2C3445149277153156%2C630399510046596%2C6259899044259716%2C4852524160706436%2C1474824440178564%2C8230223881234308%2C208187044980612%2C6963586486036356%2C1334086951823236%2C771136998401924%2C5274736625772420%2C3867361742219140%2C8370961369589636%2C137818300802948%2C2389618114488196%2C6893217741858692%2C4078467974752132%2C4922892904884100%2C7174692718569348%2C1545193184356228%2C6048792811726724%2C982243230934916%2C5485842858305412%2C3234043044620164%2C278555789158276%2C2530355602843524%2C7033955230214020%2C3656255509686148%2C8159855137056644%2C5345105369950084%2C1967405649422212%2C8722805090477956%2C5063630393239428%2C2811830579554180%2C6189530300082052%2C3937730486396804%2C8441330113767300%2C5626580346660740%2C2248880626132868%2C6752480253503364%2C2255477695899524%2C6759077323270020%2C1129577789056900%2C7884977230112644%2C566627835635588%2C5070227463006084%2C1692527742478212%2C5914652393138052%2C8166452206823300%2C5351702439716740%2C3099902626031492%2C4225802532874116%2C1270315277412228%2C707365323990916%2C5210964951361412%2C1833265230833540%2C425890347280260%2C1551790254122884%2C2114740207544196%2C6618339834914692%2C74046626391940%2C6829446067447684%2C5140596207183748%2C7110921044158340%2C1481421509945220%2C4296171277051780%2C8799770904422276%2C4718383742117764%2C1340684021589892%2C777734068168580%2C7533133509224324%2C8659033416066948%2C496259091457924%2C8377558439356292%2C5562808672249732%2C5105411835094916%2C2853612021409668%2C3979511928252292%2C320337231013764%2C2572137044699012%2C1446237137856388%2C3135086998120324%2C6512786718648196%2C4260986904962948%2C8764586532333444%2C2431399556343684%2C1305499649501060%2C8060899090556804%2C7216474160424836%2C8342374067267460%2C3275824486475652%2C2361030812166020%2C1235130905323396%2C7990530346379140%2C7427580392957828%2C1798080858744708%2C5457255555983236%2C2079555835455364%2C6583155462825860%2C8834955276511108%2C7005367927891844%2C3627668207363972%2C1938818347100036%2C4190618160785284%2C8694217788155780%2C1657343370389380%2C1094393416968068%2C3671648672475012%2C8175248299845508%2C1982798812211076%2C4656811090962308%2C716161417013124%2C6345660951226244%2C997636393723780%2C2334642533099396%2C7964142067312516&ignoreRowsNotFound=True
2019-08-09 16:08:38,799|INFO|Request: {
command: DELETE https://api.smartsheet.com/2.0/sheets/9004681046321028/rows?ids=5406678021105540%2C3154878207420292%2C6532577927948164%2C8784377741633412%2C6954790393014148%2C2732665742354308%2C3858565649196932%2C2169715788932996%2C4632621835151236%2C2380822021465988%2C1254922114623364%2C8010321555679108%2C1817872068044676%2C2099347044755332%2C269759696136068%2C8151059044034436%2C6462209183770500%2C4210409370085252%2C7306634113902468%2C8432534020745092%2C3365984439953284%2C7869584067323780%2C4491884346795908%2C4518272625862532%2C6770072439547780%2C3392372719019908%2C577622951913348%2C1703522858755972%2C6207122486126468%2C296147975202692%2C4799747602573188%2C2547947788887940%2C5362697555994500%2C3110897742309252%2C4659010114217860%2C8036709834745732%2C1844260347111300%2C6347859974481796%2C2688685277243268%2C8318184811456388%2C3251635230664580%2C7755234858035076%2C2125735323821956%2C8881134764877700%2C85041742669700%2C1773891602933636%2C6277491230304132%2C4307166393329540%2C8810766020700036%2C5855278765238148%2C8107078578923396%2C3040528998131588%2C8670028532344708%2C3884953928263556%2C2196104067999620%2C8951503509055364%2C6805256811636612%2C1175757277423492%2C2583132160976772%2C7086731788347268%2C3146082114398084%2C7649681741768580%2C6945994299991940%2C1316494765778820%2C753544812357508%2C4131244532885380%2C2160919695910788%2C2372025928443780%2C1246126021601156%2C5749725648971652%2C1809075975022468%2C2653500905154436%2C5468250672260996%2C8142262951012228%2C6453413090748292%2C3920138300352388%2C8423737927722884%2C7860787974301572%2C6734888067458948%2C1158165091379076%2C595215137957764%2C2847014951643012%2C6224714672170884%2C7632089555724164%2C4676602300262276%2C6928402113947524%2C3550702393419652%2C5239552253683588%2C3832177370130308%2C6646927137236868%2C3480333649241988%2C7983933276612484%2C665583882135428%2C7420983323191172%2C1791483788978052%2C6295083416348548%2C384108905424772%2C6013608439637892%2C6576558393059204%2C2495171230754692%2C6998770858125188%2C8124670764967812%2C3058121184176004%2C7561720811546500%2C1932221277333380%2C8687620718389124%2C2776646207465348%2C3902546114307972%2C2213696254044036%2C4571049183995780%2C1193349463467908%2C3445149277153156%2C630399510046596%2C6259899044259716%2C4852524160706436%2C1474824440178564%2C8230223881234308%2C208187044980612%2C6963586486036356%2C1334086951823236%2C771136998401924%2C5274736625772420%2C3867361742219140%2C8370961369589636%2C137818300802948%2C2389618114488196%2C6893217741858692%2C4078467974752132%2C4922892904884100%2C7174692718569348%2C1545193184356228%2C6048792811726724%2C982243230934916%2C5485842858305412%2C3234043044620164%2C278555789158276%2C2530355602843524%2C7033955230214020%2C3656255509686148%2C8159855137056644%2C5345105369950084%2C1967405649422212%2C8722805090477956%2C5063630393239428%2C2811830579554180%2C6189530300082052%2C3937730486396804%2C8441330113767300%2C5626580346660740%2C2248880626132868%2C6752480253503364%2C2255477695899524%2C6759077323270020%2C1129577789056900%2C7884977230112644%2C566627835635588%2C5070227463006084%2C1692527742478212%2C5914652393138052%2C8166452206823300%2C5351702439716740%2C3099902626031492%2C4225802532874116%2C1270315277412228%2C707365323990916%2C5210964951361412%2C1833265230833540%2C425890347280260%2C1551790254122884%2C2114740207544196%2C6618339834914692%2C74046626391940%2C6829446067447684%2C5140596207183748%2C7110921044158340%2C1481421509945220%2C4296171277051780%2C8799770904422276%2C4718383742117764%2C1340684021589892%2C777734068168580%2C7533133509224324%2C8659033416066948%2C496259091457924%2C8377558439356292%2C5562808672249732%2C5105411835094916%2C2853612021409668%2C3979511928252292%2C320337231013764%2C2572137044699012%2C1446237137856388%2C3135086998120324%2C6512786718648196%2C4260986904962948%2C8764586532333444%2C2431399556343684%2C1305499649501060%2C8060899090556804%2C7216474160424836%2C8342374067267460%2C3275824486475652%2C2361030812166020%2C1235130905323396%2C7990530346379140%2C7427580392957828%2C1798080858744708%2C5457255555983236%2C2079555835455364%2C6583155462825860%2C8834955276511108%2C7005367927891844%2C3627668207363972%2C1938818347100036%2C4190618160785284%2C8694217788155780%2C1657343370389380%2C1094393416968068%2C3671648672475012%2C8175248299845508%2C1982798812211076%2C4656811090962308%2C716161417013124%2C6345660951226244%2C997636393723780%2C2334642533099396%2C7964142067312516&ignoreRowsNotFound=True
}
2019-08-09 16:08:38,804|INFO|Rows deleted successfully
2019-08-09 16:08:38,804|INFO|checking box
2019-08-09 16:08:40,801|INFO|Request: {
command: PUT https://api.smartsheet.com/2.0/sheets/9004681046321028/rows
}
2019-08-09 16:08:40,806|INFO|finished checking box
2019-08-09 16:08:40,806|INFO|beginning log
2019-08-09 16:08:41,134|INFO|Request: {
command: POST https://api.smartsheet.com/2.0/sheets/7987758149986180/rows
}
2019-08-09 16:08:41,136|INFO|finishing log
2019-08-09 16:08:41,264|INFO|Finished
