2019-08-09 14:37:38,836|INFO|Starting ...
2019-08-09 14:37:39,389|INFO|Request: {
command: GET https://api.smartsheet.com/2.0/sheets/3020984954447748
}
2019-08-09 14:37:39,409|INFO|object 'Sheet' is missing property 'user_permissions'
2019-08-09 14:37:39,410|INFO|object 'Sheet' is missing property 'cell_image_upload_enabled'
2019-08-09 14:37:39,411|INFO|object 'Sheet' is missing property 'has_summary_fields'
2019-08-09 14:37:39,617|INFO|Request: {
command: GET https://api.smartsheet.com/2.0/sheets/7987758149986180
}
2019-08-09 14:37:39,620|INFO|object 'Sheet' is missing property 'user_permissions'
2019-08-09 14:37:39,620|INFO|object 'Sheet' is missing property 'cell_image_upload_enabled'
2019-08-09 14:37:39,621|INFO|object 'Sheet' is missing property 'has_summary_fields'
2019-08-09 14:37:41,729|INFO|Request: {
command: GET https://api.smartsheet.com/2.0/reports/7437186292311940
}
2019-08-09 14:37:41,730|INFO|object 'Report' is missing property 'is_summary_report'
2019-08-09 14:37:41,732|INFO|object 'Report' is missing property 'cell_image_upload_enabled'
2019-08-09 14:37:41,733|INFO|Deleting rows from 1 projects
2019-08-09 14:37:44,461|INFO|Request: {
command: GET https://api.smartsheet.com/2.0/sheets/8547284209166212
}
2019-08-09 14:37:49,133|INFO|object 'Sheet' is missing property 'user_permissions'
2019-08-09 14:37:49,137|INFO|object 'Sheet' is missing property 'cell_image_upload_enabled'
2019-08-09 14:37:49,138|INFO|object 'Sheet' is missing property 'has_summary_fields'
2019-08-09 14:37:49,145|INFO|Deleting rows from sheet Copy of Dev Debit-NE Project Plan 1
2019-08-09 14:37:49,176|INFO|deleting rows now
2019-08-09 14:37:51,066|INFO|Request: {
command: DELETE https://api.smartsheet.com/2.0/sheets/8547284209166212/rows?ids=7266227061581700%2C1636727527368580%2C8392126968424324%2C5577377201317764%2C6703277108160388%2C1742280643635076%2C334905760081796%2C3712605480609668%2C7653255154558852%2C2023755620345732%2C4275555434030980%2C4697767899096964%2C3571867992254340%2C3853342968964996%2C3290393015543684%2C4627399154919300%2C8005098875447172%2C686749480970116%2C6316249015183236%2C4908874131629956%2C1531174411102084%2C6034774038472580%2C968224457680772%2C7723623898736516%2C6597723991893892%2C264537015904132%2C2516336829589380%2C3642236736432004%2C8145836363802500%2C3079286783010692%2C7582886410381188%2C1953386876168068%2C7301411433670532%2C1671911899457412%2C7864361387091844%2C4513049945630596%2C3387150038787972%2C7890749666158468%2C1698300178524036%2C4794524922341252%2C1416825201813380%2C5920424829183876%2C3668625015498628%2C5357474875762564%2C3105675062077316%2C3527887527143300%2C8031487154513796%2C994612736747396%2C5498212364117892%2C8875912084645764%2C4583418689808260%2C1205718969280388%2C5146368643229572%2C361294039148420%2C3738993759676292%2C5427843619940228%2C6553743526782852%2C4301943713097604%2C1909406411057028%2C6413006038427524%2C1627931434346372%2C6131531061716868%2C6694481015138180%2C4442681201452932%2C2296434504034180%2C607584643770244%2C3703809387587460%2C2014959527323524%2C4266759341008772%2C8770358968379268%2C3563071899232132%2C1874222038968196%2C7222246596470660%2C4618603061897092%2C7996302782424964%2C396478411237252%2C4900078038607748%2C6025977945450372%2C8277777759135620%2C4337128085186436%2C2507540736567172%2C1381640829724548%2C8137040270780292%2C6166715433805700%2C7855565294069636%2C6729665387227012%2C27042504304516%2C6782441945360260%2C308517481015172%2C8189816828913540%2C167779992659844%2C4671379620030340%2C2419579806345092%2C5797279526872964%2C3545479713187716%2C8049079340558212%2C2982529759766404%2C8612029293979524%2C8330554317268868%2C2138104829634436%2C6641704457004932%2C4601010875852676%2C1223311155324804%2C5726910782695300%2C3475110969010052%2C5163960829273988%2C1786261108746116%2C378886225192836%2C3756585945720708%2C7697235619669892%2C4319535899142020%2C238148736837508%2C2489948550522756%2C8119448084735876%2C7556498131314564%2C4178798410786692%2C5023223340918660%2C3334373480654724%2C6712073201182596%2C4460273387497348%2C2314026690078596%2C6817626317449092%2C343701853104004%2C4847301480474500%2C3158451620210564%2C2032551713367940%2C6536151340738436%2C765914318169988%2C7521313759225732%2C6395413852383108%2C4143614038697860%2C8647213666068356%2C2736239155144580%2C7239838782515076%2C1610339248301956%2C3299189108565892%2C2173289201723268%2C6676888829093764%2C132595620571012%2C4636195247941508%2C6887995061626756%2C3510295341098884%2C5199145201362820%2C7450945015048068%2C1821445480834948%2C8576844921890692%2C414070597281668%2C4917670224652164%2C7169470038337412%2C3791770317809540%2C8295369945180036%2C2102920457545604%2C6606520084916100%2C4354720271230852%2C4776932736296836%2C2525132922611588%2C7028732549982084%2C3651032829454212%2C8717582410246020%2C5058407713007492%2C7310207526692740%2C1680707992479620%2C1117758039058308%2C4495457759586180%2C2256852085434244%2C6760451712804740%2C3382751992276868%2C2819802038855556%2C3945701945698180%2C3664226968987524%2C8167826596358020%2C3101277015566212%2C6478976736094084%2C6901189201160068%2C6338239247738756%2C4086439434053508%2C990214690236292%2C5493814317606788%2C7745614131292036%2C4367914410764164%2C2327220829611908%2C5704920550139780%2C5141970596718468%2C2890170783033220%2C4860495620007812%2C7112295433693060%2C6971557945337732%2C1342058411124612%2C779108457703300%2C3030908271388548%2C1905008364545924%2C4156808178231172%2C1623533387835268%2C8378932828891012%2C1060583434413956%2C5564183061784452%2C2186483341256580%2C4438283154941828%2C4543836271208324%2C6232686131472260%2C4825311247918980%2C1447611527391108%2C2010561480812420%2C4262361294497668%2C4684573759563652%2C5810473666406276%2C3558673852721028%2C7217848549959556%2C3840148829431684%2C8343748456802180%2C5528998689695620%2C6654898596538244%2C110605388015492%2C3488305108543364%2C673555341436804%2C5177154968807300%2C4051255061964676%2C2643880178411396%2C550410039125892%2C5054009666496388%2C3928109759653764%2C7868759433602948%2C2265648178456452%2C7895147712669572%2C2547123155167108%2C1984173201745796%2C4658185480497028&ignoreRowsNotFound=True
}
2019-08-09 14:37:51,070|INFO|Rows deleted successfully
2019-08-09 14:37:51,071|INFO|checking box
2019-08-09 14:37:57,225|INFO|Request: {
command: PUT https://api.smartsheet.com/2.0/sheets/8547284209166212/rows
}
2019-08-09 14:37:57,226|ERROR|Response: {
status: 500 Internal Server Error
content: {
{
    "errorCode": 4004, 
    "message": "An unexpected error has occurred. Please retry your request. If you encounter this error repeatedly, please contact api@smartsheet.com for assistance.", 
    "refId": "1vrq3o4yln3h8"
}
}
2019-08-09 14:37:57,226|INFO|HttpError status_code=500: Retrying in 3.0 seconds
2019-08-09 14:38:03,616|INFO|Request: {
command: PUT https://api.smartsheet.com/2.0/sheets/8547284209166212/rows
}
2019-08-09 14:38:03,620|INFO|finished checking box
2019-08-09 14:38:03,620|INFO|beginning log
2019-08-09 14:38:03,943|INFO|Request: {
command: POST https://api.smartsheet.com/2.0/sheets/7987758149986180/rows
}
2019-08-09 14:38:03,944|INFO|finishing log
2019-08-09 14:38:04,086|INFO|Finished
