2019-08-09 14:47:26,721|INFO|Starting ...
2019-08-09 14:47:27,403|INFO|Request: {
command: GET https://api.smartsheet.com/2.0/sheets/3020984954447748
}
2019-08-09 14:47:27,421|INFO|object 'Sheet' is missing property 'user_permissions'
2019-08-09 14:47:27,422|INFO|object 'Sheet' is missing property 'cell_image_upload_enabled'
2019-08-09 14:47:27,423|INFO|object 'Sheet' is missing property 'has_summary_fields'
2019-08-09 14:47:27,600|INFO|Request: {
command: GET https://api.smartsheet.com/2.0/sheets/7987758149986180
}
2019-08-09 14:47:27,606|INFO|object 'Sheet' is missing property 'user_permissions'
2019-08-09 14:47:27,606|INFO|object 'Sheet' is missing property 'cell_image_upload_enabled'
2019-08-09 14:47:27,607|INFO|object 'Sheet' is missing property 'has_summary_fields'
2019-08-09 14:47:27,994|INFO|Request: {
command: GET https://api.smartsheet.com/2.0/reports/7437186292311940
}
2019-08-09 14:47:27,995|INFO|object 'Report' is missing property 'is_summary_report'
2019-08-09 14:47:27,997|INFO|object 'Report' is missing property 'cell_image_upload_enabled'
2019-08-09 14:47:27,999|INFO|Deleting rows from 1 projects
2019-08-09 14:47:29,069|INFO|Request: {
command: GET https://api.smartsheet.com/2.0/sheets/3092555484161924
}
2019-08-09 14:47:33,570|INFO|object 'Sheet' is missing property 'user_permissions'
2019-08-09 14:47:33,574|INFO|object 'Sheet' is missing property 'cell_image_upload_enabled'
2019-08-09 14:47:33,575|INFO|object 'Sheet' is missing property 'has_summary_fields'
2019-08-09 14:47:33,582|INFO|Deleting rows from sheet Copy of Dev Debit-NE Project Plan 1
2019-08-09 14:47:33,614|INFO|deleting rows now
2019-08-09 14:47:42,244|INFO|Request: {
command: DELETE https://api.smartsheet.com/2.0/sheets/3092555484161924/rows?ids=4709497454782340%2C2457697641097092%2C5835397361624964%2C8087197175310212%2C7524247221888900%2C3302122571229060%2C4428022478071684%2C1261428990076804%2C5202078664025988%2C2950278850340740%2C1824378943498116%2C8579778384553860%2C1542903966787460%2C1402166478432132%2C839216525010820%2C8720515872909188%2C6187241082513284%2C3935441268828036%2C7876090942777220%2C9001990849619844%2C2259785548097412%2C6763385175467908%2C3385685454940036%2C5074535315203972%2C7326335128889220%2C3948635408361348%2C289460711122820%2C1415360617965444%2C5918960245335940%2C852410664544132%2C5356010291914628%2C3104210478229380%2C4652322850137988%2C2400523036452740%2C5215272803559300%2C8592972524087172%2C1556098106320772%2C6059697733691268%2C3244947966584708%2C8874447500797828%2C2330154292275076%2C6833753919645572%2C1204254385432452%2C7959653826488196%2C641304432011140%2C1485729362143108%2C5989328989513604%2C3596791687473028%2C8100391314843524%2C6411541454579588%2C8663341268264836%2C2752366757341060%2C8381866291554180%2C4441216617604996%2C1169070013343620%2C7924469454399364%2C7361519500978052%2C1732019966764932%2C3139394850318212%2C7642994477688708%2C2435707408541572%2C6939307035912068%2C7502256989333380%2C1872757455120260%2C465382571566980%2C3843082292094852%2C1239438757521284%2C2928288617785220%2C1802388710942596%2C6305988338313092%2C1520913734231940%2C3209763594495876%2C4757875966404484%2C8698525640353668%2C6165250849957764%2C4476400989693828%2C8980000617064324%2C6780977361512324%2C5655077454669700%2C1714427780720516%2C307052897167236%2C2558852710852484%2C5936552431380356%2C6921714849867652%2C5232864989603716%2C7484664803288964%2C4106965082761092%2C4951390012893060%2C4388440059471748%2C5725446198847364%2C4036596338583428%2C8540195965953924%2C377421641344900%2C7132821082400644%2C1503321548187524%2C6006921175558020%2C940371594766212%2C6569871128979332%2C5866183687202692%2C3051433920096132%2C7555033547466628%2C8680933454309252%2C2769958943385476%2C7273558570755972%2C1644059036542852%2C8399458477598596%2C3332908896806788%2C4458808803649412%2C1186662199388036%2C5127311873337220%2C1749612152809348%2C4001411966494596%2C342237269256068%2C5971736803469188%2C5408786850047876%2C2031087129520004%2C8786486570575748%2C764449734322052%2C7519849175377796%2C1890349641164676%2C482974757611396%2C4986574384981892%2C4423624431560580%2C8927224058931076%2C694080990144388%2C2945880803829636%2C7449480431200132%2C3790305733961604%2C5479155594225540%2C7730955407910788%2C2101455873697668%2C6605055501068164%2C271868525078404%2C4775468152448900%2C2523668338763652%2C834818478499716%2C3086618292184964%2C7590217919555460%2C4212518199027588%2C8716117826398084%2C5056943129159556%2C1679243408631684%2C8434642849687428%2C5619893082580868%2C3368093268895620%2C6745792989423492%2C4493993175738244%2C8997592803108740%2C4520381454804868%2C1142681734276996%2C5646281361647492%2C2831531594540932%2C7335131221911428%2C1705631687698308%2C8461031128754052%2C298256804145028%2C4801856431515524%2C1424156710987652%2C6490706291779460%2C8742506105464708%2C4661118943160196%2C2409319129474948%2C3535219036317572%2C1846369176053636%2C438994292500356%2C4942593919870852%2C1564894199342980%2C1001944245921668%2C2127844152764292%2C1213050478454660%2C5716650105825156%2C650100525033348%2C7405499966089092%2C4872225175693188%2C7686974942799748%2C2057475408586628%2C3605587780495236%2C8109187407865732%2C5294437640759172%2C1916737920231300%2C509363036678020%2C7264762477733764%2C8390662384576388%2C1072312990099332%2C8953612337997700%2C4555565826893700%2C4837040803604356%2C2585240989919108%2C3711140896761732%2C896391129655172%2C3148190943340420%2C2022291036497796%2C2444503501563780%2C5822203222091652%2C3570403408406404%2C8074003035776900%2C3007453454985092%2C1881553548142468%2C8636952989198212%2C7792528059066244%2C8918427965908868%2C2374134757386116%2C2937084710807428%2C1811184803964804%2C8566584245020548%2C7159209361467268%2C1529709827254148%2C4766672059426692%2C1388972338898820%2C5892571966269316%2C8144371779954564%2C7581421826533252%2C4203722106005380%2C1670447315609476%2C3922247129294724%2C8425846756665220%2C2233397269030788%2C34374013478788%2C4222963559491460%2C8726563186861956%2C1267476304029572%2C5208125977978756%2C423051373897604%2C6052550908110724%2C71207653009284%2C2885957420115844%2C8515456954328964&ignoreRowsNotFound=True
}
2019-08-09 14:47:42,248|INFO|Rows deleted successfully
2019-08-09 14:47:42,248|INFO|checking box
2019-08-09 14:47:43,619|INFO|Request: {
command: PUT https://api.smartsheet.com/2.0/sheets/3092555484161924/rows
}
2019-08-09 14:47:43,624|INFO|finished checking box
2019-08-09 14:47:43,624|INFO|beginning log
2019-08-09 14:47:44,142|INFO|Request: {
command: POST https://api.smartsheet.com/2.0/sheets/7987758149986180/rows
}
2019-08-09 14:47:44,143|INFO|finishing log
2019-08-09 14:47:44,264|INFO|Finished
